{"level":"\u001b[32minfo\u001b[39m","message":"{\"method\":\"GET\",\"url\":\"/appointment/appointment-list?id=6745a27d7d75a39eb1bc2df3\",\"status\":\"304\",\"responseTime\":\"47.237\"}","timestamp":"2024-12-30T09:41:48.021Z"}
{"level":"\u001b[32minfo\u001b[39m","message":"{\"method\":\"GET\",\"url\":\"/appointment/appointment-list?id=6745a27d7d75a39eb1bc2df3\",\"status\":\"304\",\"responseTime\":\"46.747\"}","timestamp":"2024-12-30T09:41:48.069Z"}
{"level":"\u001b[32minfo\u001b[39m","message":"{\"method\":\"GET\",\"url\":\"/appointment/today/count?id=6745a27d7d75a39eb1bc2df3\",\"status\":\"304\",\"responseTime\":\"64.189\"}","timestamp":"2024-12-30T09:51:11.750Z"}
{"level":"\u001b[32minfo\u001b[39m","message":"{\"method\":\"GET\",\"url\":\"/appointment/latest?id=6745a27d7d75a39eb1bc2df3\",\"status\":\"304\",\"responseTime\":\"66.915\"}","timestamp":"2024-12-30T09:51:11.759Z"}
{"level":"\u001b[32minfo\u001b[39m","message":"{\"method\":\"GET\",\"url\":\"/appointment/patients?id=6745a27d7d75a39eb1bc2df3\",\"status\":\"200\",\"responseTime\":\"69.186\"}","timestamp":"2024-12-30T09:51:11.763Z"}
{"level":"\u001b[32minfo\u001b[39m","message":"{\"method\":\"GET\",\"url\":\"/doctor/profile?id=6745a27d7d75a39eb1bc2df3\",\"status\":\"304\",\"responseTime\":\"131.596\"}","timestamp":"2024-12-30T09:51:11.798Z"}
{"level":"\u001b[32minfo\u001b[39m","message":"{\"method\":\"GET\",\"url\":\"/appointment/latest?id=6745a27d7d75a39eb1bc2df3\",\"status\":\"304\",\"responseTime\":\"59.934\"}","timestamp":"2024-12-30T09:51:11.829Z"}
{"level":"\u001b[32minfo\u001b[39m","message":"{\"method\":\"GET\",\"url\":\"/appointment/patients?id=6745a27d7d75a39eb1bc2df3\",\"status\":\"304\",\"responseTime\":\"60.909\"}","timestamp":"2024-12-30T09:51:11.831Z"}
{"level":"\u001b[32minfo\u001b[39m","message":"{\"method\":\" \",\"url\":\"/appointment/today/count?id=6745a27d7d75a39eb1bc2df3\",\"status\":\"304\",\"responseTime\":\"67.651\"}","timestamp":"2024-12-30T09:51:11.834Z"}
{"level":"\u001b[32minfo\u001b[39m","message":"{\"method\":\"GET\",\"url\":\"/doctor/profile?id=6745a27d7d75a39eb1bc2df3\",\"status\":\"304\",\"responseTime\":\"106.239\"}","timestamp":"2024-12-30T09:51:11.906Z"}
{"level":"\u001b[32minfo\u001b[39m","message":"{\"method\":\"GET\",\"url\":\"/appointment/summary?id=6745a27d7d75a39eb1bc2df3\",\"status\":\"304\",\"responseTime\":\"218.941\"}","timestamp":"2024-12-30T09:51:11.908Z"}
{"level":"\u001b[32minfo\u001b[39m","message":"{\"method\":\"GET\",\"url\":\"/appointment/dash-counts?id=6745a27d7d75a39eb1bc2df3&time=daily\",\"status\":\"304\",\"responseTime\":\"336.780\"}","timestamp":"2024-12-30T09:51:12.033Z"}
{"level":"\u001b[32minfo\u001b[39m","message":"{\"method\":\"GET\",\"url\":\"/appointment/dash-counts?id=6745a27d7d75a39eb1bc2df3&time=daily\",\"status\":\"304\",\"responseTime\":\"54.916\"}","timestamp":"2024-12-30T09:51:12.090Z"}
{"level":"\u001b[32minfo\u001b[39m","message":"{\"method\":\"GET\",\"url\":\"/appointment/summary?id=6745a27d7d75a39eb1bc2df3\",\"status\":\"304\",\"responseTime\":\"187.338\"}","timestamp":"2024-12-30T09:51:12.097Z"}
{"level":"\u001b[32minfo\u001b[39m","message":"{\"method\":\"GET\",\"url\":\"/chat/chats?id=6745a27d7d75a39eb1bc2df3\",\"status\":\"304\",\"responseTime\":\"364.708\"}","timestamp":"2024-12-30T10:35:33.561Z"}
{"level":"\u001b[32minfo\u001b[39m","message":"{\"method\":\"GET\",\"url\":\"/chat/chats?id=6745a27d7d75a39eb1bc2df3\",\"status\":\"304\",\"responseTime\":\"191.900\"}","timestamp":"2024-12-30T10:35:33.762Z"}
{"level":"\u001b[32minfo\u001b[39m","message":"{\"method\":\"GET\",\"url\":\"/appointment/today/count?id=6745a27d7d75a39eb1bc2df3\",\"status\":\"304\",\"responseTime\":\"68.808\"}","timestamp":"2024-12-30T10:35:35.922Z"}
{"level":"\u001b[32minfo\u001b[39m","message":"{\"method\":\"GET\",\"url\":\"/appointment/latest?id=6745a27d7d75a39eb1bc2df3\",\"status\":\"304\",\"responseTime\":\"60.612\"}","timestamp":"2024-12-30T10:35:35.931Z"}
{"level":"\u001b[32minfo\u001b[39m","message":"{\"method\":\"GET\",\"url\":\"/appointment/patients?id=6745a27d7d75a39eb1bc2df3\",\"status\":\"200\",\"responseTime\":\"57.347\"}","timestamp":"2024-12-30T10:35:35.934Z"}
{"level":"\u001b[32minfo\u001b[39m","message":"{\"method\":\"GET\",\"url\":\"/doctor/profile?id=6745a27d7d75a39eb1bc2df3\",\"status\":\"304\",\"responseTime\":\"145.780\"}","timestamp":"2024-12-30T10:35:35.970Z"}
{"level":"\u001b[32minfo\u001b[39m","message":"{\"method\":\"GET\",\"url\":\"/appointment/today/count?id=6745a27d7d75a39eb1bc2df3\",\"status\":\"304\",\"responseTime\":\"53.484\"}","timestamp":"2024-12-30T10:35:35.978Z"}
{"level":"\u001b[32minfo\u001b[39m","message":"{\"method\":\"GET\",\"url\":\"/appointment/latest?id=6745a27d7d75a39eb1bc2df3\",\"status\":\"304\",\"responseTime\":\"53.018\"}","timestamp":"2024-12-30T10:35:35.989Z"}
{"level":"\u001b[32minfo\u001b[39m","message":"{\"method\":\"GET\",\"url\":\"/appointment/patients?id=6745a27d7d75a39eb1bc2df3\",\"status\":\"304\",\"responseTime\":\"53.299\"}","timestamp":"2024-12-30T10:35:35.991Z"}
{"level":"\u001b[32minfo\u001b[39m","message":"{\"method\":\"GET\",\"url\":\"/appointment/summary?id=6745a27d7d75a39eb1bc2df3\",\"status\":\"304\",\"responseTime\":\"202.215\"}","timestamp":"2024-12-30T10:35:36.065Z"}
{"level":"\u001b[32minfo\u001b[39m","message":"{\"method\":\"GET\",\"url\":\"/doctor/profile?id=6745a27d7d75a39eb1bc2df3\",\"status\":\"304\",\"responseTime\":\"105.800\"}","timestamp":"2024-12-30T10:35:36.078Z"}
{"level":"\u001b[32minfo\u001b[39m","message":"{\"method\":\"GET\",\"url\":\"/appointment/summary?id=6745a27d7d75a39eb1bc2df3\",\"status\":\"304\",\"responseTime\":\"193.981\"}","timestamp":"2024-12-30T10:35:36.261Z"}
{"level":"\u001b[32minfo\u001b[39m","message":"{\"method\":\"GET\",\"url\":\"/appointment/dash-counts?id=6745a27d7d75a39eb1bc2df3&time=daily\",\"status\":\"304\",\"responseTime\":\"437.826\"}","timestamp":"2024-12-30T10:35:36.319Z"}
{"level":"\u001b[32minfo\u001b[39m","message":"{\"method\":\"GET\",\"url\":\"/appointment/dash-counts?id=6745a27d7d75a39eb1bc2df3&time=daily\",\"status\":\"304\",\"responseTime\":\"51.195\"}","timestamp":"2024-12-30T10:35:36.372Z"}
{"level":"\u001b[32minfo\u001b[39m","message":"{\"method\":\"GET\",\"url\":\"/chat/chats?id=6745a27d7d75a39eb1bc2df3\",\"status\":\"304\",\"responseTime\":\"211.939\"}","timestamp":"2024-12-30T10:35:37.537Z"}
{"level":"\u001b[32minfo\u001b[39m","message":"{\"method\":\"GET\",\"url\":\"/chat/chats?id=6745a27d7d75a39eb1bc2df3\",\"status\":\"304\",\"responseTime\":\"195.924\"}","timestamp":"2024-12-30T10:35:37.735Z"}
{"level":"\u001b[32minfo\u001b[39m","message":"{\"method\":\"GET\",\"url\":\"/appointment/today/count?id=6745a27d7d75a39eb1bc2df3\",\"status\":\"304\",\"responseTime\":\"55.350\"}","timestamp":"2024-12-30T10:35:39.410Z"}
{"level":"\u001b[32minfo\u001b[39m","message":"{\"method\":\"GET\",\"url\":\"/appointment/latest?id=6745a27d7d75a39eb1bc2df3\",\"status\":\"304\",\"responseTime\":\"59.136\"}","timestamp":"2024-12-30T10:35:39.417Z"}
{"level":"\u001b[32minfo\u001b[39m","message":"{\"method\":\"GET\",\"url\":\"/appointment/patients?id=6745a27d7d75a39eb1bc2df3\",\"status\":\"200\",\"responseTime\":\"59.526\"}","timestamp":"2024-12-30T10:35:39.419Z"}
{"level":"\u001b[32minfo\u001b[39m","message":"{\"method\":\"GET\",\"url\":\"/appointment/dash-counts?id=6745a27d7d75a39eb1bc2df3&time=daily\",\"status\":\"304\",\"responseTime\":\"62.400\"}","timestamp":"2024-12-30T10:35:39.423Z"}
{"level":"\u001b[32minfo\u001b[39m","message":"{\"method\":\"GET\",\"url\":\"/doctor/profile?id=6745a27d7d75a39eb1bc2df3\",\"status\":\"304\",\"responseTime\":\"118.670\"}","timestamp":"2024-12-30T10:35:39.468Z"}
{"level":"\u001b[32minfo\u001b[39m","message":"{\"method\":\"GET\",\"url\":\"/appointment/today/count?id=6745a27d7d75a39eb1bc2df3\",\"status\":\"304\",\"responseTime\":\"50.100\"}","timestamp":"2024-12-30T10:35:39.474Z"}
{"level":"\u001b[32minfo\u001b[39m","message":"{\"method\":\"GET\",\"url\":\"/appointment/latest?id=6745a27d7d75a39eb1bc2df3\",\"status\":\"304\",\"responseTime\":\"53.966\"}","timestamp":"2024-12-30T10:35:39.480Z"}
{"level":"\u001b[32minfo\u001b[39m","message":"{\"method\":\"GET\",\"url\":\"/appointment/patients?id=6745a27d7d75a39eb1bc2df3\",\"status\":\"304\",\"responseTime\":\"54.286\"}","timestamp":"2024-12-30T10:35:39.482Z"}
{"level":"\u001b[32minfo\u001b[39m","message":"{\"method\":\"GET\",\"url\":\"/appointment/dash-counts?id=6745a27d7d75a39eb1bc2df3&time=daily\",\"status\":\"304\",\"responseTime\":\"58.236\"}","timestamp":"2024-12-30T10:35:39.487Z"}
{"level":"\u001b[32minfo\u001b[39m","message":"{\"method\":\"GET\",\"url\":\"/appointment/summary?id=6745a27d7d75a39eb1bc2df3\",\"status\":\"304\",\"responseTime\":\"212.563\"}","timestamp":"2024-12-30T10:35:39.569Z"}
{"level":"\u001b[32minfo\u001b[39m","message":"{\"method\":\"GET\",\"url\":\"/doctor/profile?id=6745a27d7d75a39eb1bc2df3\",\"status\":\"304\",\"responseTime\":\"106.644\"}","timestamp":"2024-12-30T10:35:39.576Z"}
{"level":"\u001b[32minfo\u001b[39m","message":"{\"method\":\"GET\",\"url\":\"/appointment/summary?id=6745a27d7d75a39eb1bc2df3\",\"status\":\"304\",\"responseTime\":\"196.648\"}","timestamp":"2024-12-30T10:35:39.767Z"}
{"level":"\u001b[32minfo\u001b[39m","message":"{\"method\":\"OPTIONS\",\"url\":\"/user/login\",\"status\":\"204\",\"responseTime\":\"1.625\"}","timestamp":"2025-01-01T19:24:19.073Z"}
{"level":"\u001b[32minfo\u001b[39m","message":"{\"method\":\"POST\",\"url\":\"/user/login\",\"status\":\"200\",\"responseTime\":\"326.522\"}","timestamp":"2025-01-01T19:24:19.407Z"}
{"level":"\u001b[32minfo\u001b[39m","message":"{\"method\":\"GET\",\"url\":\"/user/search?specialization=&location=&page=1&limit=9\",\"status\":\"200\",\"responseTime\":\"92.779\"}","timestamp":"2025-01-01T19:24:31.766Z"}
{"level":"\u001b[32minfo\u001b[39m","message":"{\"method\":\"GET\",\"url\":\"/user/doctor-profile?id=6745a27d7d75a39eb1bc2df3\",\"status\":\"200\",\"responseTime\":\"126.246\"}","timestamp":"2025-01-01T19:24:40.382Z"}
{"level":"\u001b[32minfo\u001b[39m","message":"{\"method\":\"GET\",\"url\":\"/user/doctor-profile?id=6745a27d7d75a39eb1bc2df3\",\"status\":\"304\",\"responseTime\":\"162.911\"}","timestamp":"2025-01-01T19:24:40.547Z"}
{"level":"\u001b[32minfo\u001b[39m","message":"{\"method\":\"GET\",\"url\":\"/user/online-slots?id=6745a27d7d75a39eb1bc2df3&date=2025-01-02\",\"status\":\"404\",\"responseTime\":\"163.333\"}","timestamp":"2025-01-01T19:24:53.356Z"}
{"level":"\u001b[32minfo\u001b[39m","message":"{\"method\":\"GET\",\"url\":\"/user/doctor-profile?id=6745a27d7d75a39eb1bc2df3\",\"status\":\"304\",\"responseTime\":\"82.679\"}","timestamp":"2025-01-01T19:25:06.933Z"}
{"level":"\u001b[32minfo\u001b[39m","message":"{\"method\":\"GET\",\"url\":\"/user/online-slots?id=6745a27d7d75a39eb1bc2df3&date=2025-01-02\",\"status\":\"404\",\"responseTime\":\"98.095\"}","timestamp":"2025-01-01T19:25:06.947Z"}
{"level":"\u001b[32minfo\u001b[39m","message":"{\"method\":\"GET\",\"url\":\"/user/doctor-profile?id=6745a27d7d75a39eb1bc2df3\",\"status\":\"304\",\"responseTime\":\"215.856\"}","timestamp":"2025-01-01T19:25:58.231Z"}
{"level":"\u001b[32minfo\u001b[39m","message":"{\"method\":\"GET\",\"url\":\"/user/doctor-profile?id=6745a27d7d75a39eb1bc2df3\",\"status\":\"304\",\"responseTime\":\"238.194\"}","timestamp":"2025-01-01T19:25:58.471Z"}
{"level":"\u001b[32minfo\u001b[39m","message":"{\"method\":\"GET\",\"url\":\"/user/search?specialization=&location=&page=1&limit=9\",\"status\":\"304\",\"responseTime\":\"1801.416\"}","timestamp":"2025-01-01T20:53:54.263Z"}
{"level":"\u001b[32minfo\u001b[39m","message":"{\"method\":\"GET\",\"url\":\"/user/search?specialization=&location=&page=1&limit=9\",\"status\":\"304\",\"responseTime\":\"89.847\"}","timestamp":"2025-01-01T20:54:04.484Z"}
{"level":"\u001b[32minfo\u001b[39m","message":"{\"method\":\"OPTIONS\",\"url\":\"/user/login\",\"status\":\"204\",\"responseTime\":\"0.307\"}","timestamp":"2025-01-01T20:54:39.712Z"}
{"level":"\u001b[32minfo\u001b[39m","message":"{\"method\":\"POST\",\"url\":\"/user/login\",\"status\":\"200\",\"responseTime\":\"316.884\"}","timestamp":"2025-01-01T20:54:40.031Z"}
{"level":"\u001b[32minfo\u001b[39m","message":"{\"method\":\"OPTIONS\",\"url\":\"/admin/login\",\"status\":\"204\",\"responseTime\":\"0.130\"}","timestamp":"2025-01-01T20:55:26.297Z"}
{"level":"\u001b[32minfo\u001b[39m","message":"{\"method\":\"POST\",\"url\":\"/admin/login\",\"status\":\"500\",\"responseTime\":\"87.195\"}","timestamp":"2025-01-01T20:55:26.385Z"}
{"level":"\u001b[32minfo\u001b[39m","message":"{\"method\":\"OPTIONS\",\"url\":\"/admin/login\",\"status\":\"204\",\"responseTime\":\"0.146\"}","timestamp":"2025-01-01T20:55:40.943Z"}
{"level":"\u001b[32minfo\u001b[39m","message":"{\"method\":\"POST\",\"url\":\"/admin/login\",\"status\":\"200\",\"responseTime\":\"312.617\"}","timestamp":"2025-01-01T20:55:41.258Z"}
{"level":"\u001b[32minfo\u001b[39m","message":"{\"method\":\"GET\",\"url\":\"/admin/users\",\"status\":\"200\",\"responseTime\":\"66.185\"}","timestamp":"2025-01-01T20:55:41.427Z"}
{"level":"\u001b[32minfo\u001b[39m","message":"{\"method\":\"GET\",\"url\":\"/admin/users\",\"status\":\"304\",\"responseTime\":\"63.661\"}","timestamp":"2025-01-01T20:55:41.493Z"}
{"level":"\u001b[32minfo\u001b[39m","message":"{\"method\":\"GET\",\"url\":\"/admin/doctors\",\"status\":\"200\",\"responseTime\":\"94.591\"}","timestamp":"2025-01-01T20:55:45.647Z"}
{"level":"\u001b[32minfo\u001b[39m","message":"{\"method\":\"GET\",\"url\":\"/admin/doctors\",\"status\":\"304\",\"responseTime\":\"101.020\"}","timestamp":"2025-01-01T20:55:45.750Z"}
{"level":"\u001b[32minfo\u001b[39m","message":"{\"method\":\"GET\",\"url\":\"/admin/appointments\",\"status\":\"200\",\"responseTime\":\"97.986\"}","timestamp":"2025-01-01T20:55:47.472Z"}
{"level":"\u001b[32minfo\u001b[39m","message":"{\"method\":\"GET\",\"url\":\"/admin/appointments\",\"status\":\"304\",\"responseTime\":\"77.628\"}","timestamp":"2025-01-01T20:55:47.551Z"}
{"level":"\u001b[32minfo\u001b[39m","message":"{\"method\":\"GET\",\"url\":\"/admin/patients\",\"status\":\"200\",\"responseTime\":\"86.956\"}","timestamp":"2025-01-01T20:55:49.548Z"}
{"level":"\u001b[32minfo\u001b[39m","message":"{\"method\":\"GET\",\"url\":\"/admin/patients\",\"status\":\"304\",\"responseTime\":\"89.615\"}","timestamp":"2025-01-01T20:55:49.639Z"}
{"level":"\u001b[32minfo\u001b[39m","message":"{\"method\":\"GET\",\"url\":\"/admin/dash-specialization\",\"status\":\"200\",\"responseTime\":\"121.820\"}","timestamp":"2025-01-01T20:55:51.273Z"}
{"level":"\u001b[32minfo\u001b[39m","message":"{\"method\":\"GET\",\"url\":\"/admin/amounts\",\"status\":\"200\",\"responseTime\":\"126.801\"}","timestamp":"2025-01-01T20:55:51.275Z"}
{"level":"\u001b[32minfo\u001b[39m","message":"{\"method\":\"GET\",\"url\":\"/admin/dash-appointment?period=yearly\",\"status\":\"200\",\"responseTime\":\"194.781\"}","timestamp":"2025-01-01T20:55:51.335Z"}
{"level":"\u001b[32minfo\u001b[39m","message":"{\"method\":\"GET\",\"url\":\"/admin/dash-specialization\",\"status\":\"304\",\"responseTime\":\"80.027\"}","timestamp":"2025-01-01T20:55:51.357Z"}
{"level":"\u001b[32minfo\u001b[39m","message":"{\"method\":\"GET\",\"url\":\"/admin/amounts\",\"status\":\"304\",\"responseTime\":\"79.571\"}","timestamp":"2025-01-01T20:55:51.358Z"}
{"level":"\u001b[32minfo\u001b[39m","message":"{\"method\":\"GET\",\"url\":\"/admin//dash-stats\",\"status\":\"200\",\"responseTime\":\"277.522\"}","timestamp":"2025-01-01T20:55:51.420Z"}
{"level":"\u001b[32minfo\u001b[39m","message":"{\"method\":\"GET\",\"url\":\"/admin/dash-appointments\",\"status\":\"200\",\"responseTime\":\"91.797\"}","timestamp":"2025-01-01T20:55:51.431Z"}
{"level":"\u001b[32minfo\u001b[39m","message":"{\"method\":\"GET\",\"url\":\"/admin/dash-stats\",\"status\":\"200\",\"responseTime\":\"287.876\"}","timestamp":"2025-01-01T20:55:51.434Z"}
{"level":"\u001b[32minfo\u001b[39m","message":"{\"method\":\"GET\",\"url\":\"/admin/dash-appointments\",\"status\":\"304\",\"responseTime\":\"69.776\"}","timestamp":"2025-01-01T20:55:51.501Z"}
{"level":"\u001b[32minfo\u001b[39m","message":"{\"method\":\"GET\",\"url\":\"/admin/dash-appointment?period=yearly\",\"status\":\"304\",\"responseTime\":\"149.002\"}","timestamp":"2025-01-01T20:55:51.508Z"}
{"level":"\u001b[32minfo\u001b[39m","message":"{\"method\":\"GET\",\"url\":\"/admin//dash-stats\",\"status\":\"304\",\"responseTime\":\"218.000\"}","timestamp":"2025-01-01T20:55:51.640Z"}
{"level":"\u001b[32minfo\u001b[39m","message":"{\"method\":\"GET\",\"url\":\"/admin/dash-stats\",\"status\":\"304\",\"responseTime\":\"209.437\"}","timestamp":"2025-01-01T20:55:51.645Z"}
{"level":"\u001b[32minfo\u001b[39m","message":"{\"method\":\"GET\",\"url\":\"/admin//dash-stats\",\"status\":\"304\",\"responseTime\":\"251.990\"}","timestamp":"2025-01-01T20:55:51.893Z"}
{"level":"\u001b[32minfo\u001b[39m","message":"{\"method\":\"GET\",\"url\":\"/admin//dash-stats\",\"status\":\"304\",\"responseTime\":\"217.867\"}","timestamp":"2025-01-01T20:55:52.112Z"}
{"level":"\u001b[32minfo\u001b[39m","message":"{\"method\":\"GET\",\"url\":\"/admin/revenue?time=yearly\",\"status\":\"200\",\"responseTime\":\"1055.117\"}","timestamp":"2025-01-01T20:55:52.209Z"}
{"level":"\u001b[32minfo\u001b[39m","message":"{\"method\":\"GET\",\"url\":\"/admin/revenue?time=yearly\",\"status\":\"304\",\"responseTime\":\"77.769\"}","timestamp":"2025-01-01T20:55:52.288Z"}
{"level":"\u001b[32minfo\u001b[39m","message":"{\"method\":\"GET\",\"url\":\"/admin//dash-stats\",\"status\":\"304\",\"responseTime\":\"237.520\"}","timestamp":"2025-01-01T20:55:52.351Z"}
{"level":"\u001b[32minfo\u001b[39m","message":"{\"method\":\"GET\",\"url\":\"/admin//dash-stats\",\"status\":\"304\",\"responseTime\":\"229.546\"}","timestamp":"2025-01-01T20:55:52.581Z"}
{"level":"\u001b[32minfo\u001b[39m","message":"{\"method\":\"GET\",\"url\":\"/admin//dash-stats\",\"status\":\"304\",\"responseTime\":\"216.620\"}","timestamp":"2025-01-01T20:55:52.799Z"}
{"level":"\u001b[32minfo\u001b[39m","message":"{\"method\":\"GET\",\"url\":\"/admin//dash-stats\",\"status\":\"304\",\"responseTime\":\"226.883\"}","timestamp":"2025-01-01T20:55:53.027Z"}
{"level":"\u001b[32minfo\u001b[39m","message":"{\"method\":\"GET\",\"url\":\"/admin/top-rated\",\"status\":\"200\",\"responseTime\":\"243.368\"}","timestamp":"2025-01-01T20:55:59.532Z"}
{"level":"\u001b[32minfo\u001b[39m","message":"{\"method\":\"GET\",\"url\":\"/admin/available-doctors\",\"status\":\"200\",\"responseTime\":\"260.089\"}","timestamp":"2025-01-01T20:55:59.550Z"}
{"level":"\u001b[32minfo\u001b[39m","message":"{\"method\":\"GET\",\"url\":\"/admin/top-rated\",\"status\":\"304\",\"responseTime\":\"97.801\"}","timestamp":"2025-01-01T20:55:59.631Z"}
{"level":"\u001b[32minfo\u001b[39m","message":"{\"method\":\"GET\",\"url\":\"/admin/available-doctors\",\"status\":\"304\",\"responseTime\":\"86.171\"}","timestamp":"2025-01-01T20:55:59.638Z"}
{"level":"\u001b[32minfo\u001b[39m","message":"{\"method\":\"GET\",\"url\":\"/admin/dash-doctor\",\"status\":\"200\",\"responseTime\":\"372.784\"}","timestamp":"2025-01-01T20:55:59.658Z"}
{"level":"\u001b[32minfo\u001b[39m","message":"{\"method\":\"GET\",\"url\":\"/admin/dash-doctor\",\"status\":\"304\",\"responseTime\":\"249.837\"}","timestamp":"2025-01-01T20:55:59.909Z"}
{"level":"\u001b[32minfo\u001b[39m","message":"{\"method\":\"GET\",\"url\":\"/admin/new-patients\",\"status\":\"200\",\"responseTime\":\"69.484\"}","timestamp":"2025-01-01T20:56:04.085Z"}
{"level":"\u001b[32minfo\u001b[39m","message":"{\"method\":\"GET\",\"url\":\"/admin/dash-patients?period=yearly\",\"status\":\"200\",\"responseTime\":\"72.682\"}","timestamp":"2025-01-01T20:56:04.086Z"}
{"level":"\u001b[32minfo\u001b[39m","message":"{\"method\":\"GET\",\"url\":\"/admin/new-patients\",\"status\":\"304\",\"responseTime\":\"67.405\"}","timestamp":"2025-01-01T20:56:04.155Z"}
{"level":"\u001b[32minfo\u001b[39m","message":"{\"method\":\"GET\",\"url\":\"/admin/dash-patients?period=yearly\",\"status\":\"304\",\"responseTime\":\"67.336\"}","timestamp":"2025-01-01T20:56:04.156Z"}
{"level":"\u001b[32minfo\u001b[39m","message":"{\"method\":\"GET\",\"url\":\"/admin/amounts\",\"status\":\"304\",\"responseTime\":\"87.961\"}","timestamp":"2025-01-01T20:56:07.810Z"}
{"level":"\u001b[32minfo\u001b[39m","message":"{\"method\":\"GET\",\"url\":\"/admin/dash-specialization\",\"status\":\"304\",\"responseTime\":\"91.959\"}","timestamp":"2025-01-01T20:56:07.816Z"}
{"level":"\u001b[32minfo\u001b[39m","message":"{\"method\":\"GET\",\"url\":\"/admin/revenue?time=yearly\",\"status\":\"304\",\"responseTime\":\"91.887\"}","timestamp":"2025-01-01T20:56:07.818Z"}
{"level":"\u001b[32minfo\u001b[39m","message":"{\"method\":\"GET\",\"url\":\"/admin/amounts\",\"status\":\"304\",\"responseTime\":\"80.666\"}","timestamp":"2025-01-01T20:56:07.895Z"}
{"level":"\u001b[32minfo\u001b[39m","message":"{\"method\":\"GET\",\"url\":\"/admin/dash-appointment?period=yearly\",\"status\":\"304\",\"responseTime\":\"178.985\"}","timestamp":"2025-01-01T20:56:07.896Z"}
{"level":"\u001b[32minfo\u001b[39m","message":"{\"method\":\"GET\",\"url\":\"/admin/revenue?time=yearly\",\"status\":\"304\",\"responseTime\":\"79.076\"}","timestamp":"2025-01-01T20:56:07.902Z"}
{"level":"\u001b[32minfo\u001b[39m","message":"{\"method\":\"GET\",\"url\":\"/admin/dash-specialization\",\"status\":\"304\",\"responseTime\":\"84.731\"}","timestamp":"2025-01-01T20:56:07.904Z"}
{"level":"\u001b[32minfo\u001b[39m","message":"{\"method\":\"GET\",\"url\":\"/admin//dash-stats\",\"status\":\"304\",\"responseTime\":\"263.066\"}","timestamp":"2025-01-01T20:56:07.982Z"}
{"level":"\u001b[32minfo\u001b[39m","message":"{\"method\":\"GET\",\"url\":\"/admin/dash-appointments\",\"status\":\"304\",\"responseTime\":\"85.271\"}","timestamp":"2025-01-01T20:56:07.983Z"}
{"level":"\u001b[32minfo\u001b[39m","message":"{\"method\":\"GET\",\"url\":\"/admin/dash-stats\",\"status\":\"304\",\"responseTime\":\"271.551\"}","timestamp":"2025-01-01T20:56:07.993Z"}
{"level":"\u001b[32minfo\u001b[39m","message":"{\"method\":\"GET\",\"url\":\"/admin/dash-appointment?period=yearly\",\"status\":\"304\",\"responseTime\":\"160.446\"}","timestamp":"2025-01-01T20:56:08.060Z"}
{"level":"\u001b[32minfo\u001b[39m","message":"{\"method\":\"GET\",\"url\":\"/admin/dash-appointments\",\"status\":\"304\",\"responseTime\":\"77.796\"}","timestamp":"2025-01-01T20:56:08.064Z"}
{"level":"\u001b[32minfo\u001b[39m","message":"{\"method\":\"GET\",\"url\":\"/admin//dash-stats\",\"status\":\"304\",\"responseTime\":\"227.174\"}","timestamp":"2025-01-01T20:56:08.212Z"}
{"level":"\u001b[32minfo\u001b[39m","message":"{\"method\":\"GET\",\"url\":\"/admin/dash-stats\",\"status\":\"304\",\"responseTime\":\"225.622\"}","timestamp":"2025-01-01T20:56:08.219Z"}
{"level":"\u001b[32minfo\u001b[39m","message":"{\"method\":\"GET\",\"url\":\"/admin//dash-stats\",\"status\":\"304\",\"responseTime\":\"240.210\"}","timestamp":"2025-01-01T20:56:08.453Z"}
{"level":"\u001b[32minfo\u001b[39m","message":"{\"method\":\"GET\",\"url\":\"/admin//dash-stats\",\"status\":\"304\",\"responseTime\":\"237.927\"}","timestamp":"2025-01-01T20:56:08.692Z"}
{"level":"\u001b[32minfo\u001b[39m","message":"{\"method\":\"GET\",\"url\":\"/admin/amounts\",\"status\":\"304\",\"responseTime\":\"76.384\"}","timestamp":"2025-01-01T20:56:08.908Z"}
{"level":"\u001b[32minfo\u001b[39m","message":"{\"method\":\"GET\",\"url\":\"/admin//dash-stats\",\"status\":\"304\",\"responseTime\":\"238.772\"}","timestamp":"2025-01-01T20:56:08.932Z"}
{"level":"\u001b[32minfo\u001b[39m","message":"{\"method\":\"GET\",\"url\":\"/admin/amounts\",\"status\":\"304\",\"responseTime\":\"80.209\"}","timestamp":"2025-01-01T20:56:08.989Z"}
{"level":"\u001b[32minfo\u001b[39m","message":"{\"method\":\"GET\",\"url\":\"/admin//dash-stats\",\"status\":\"304\",\"responseTime\":\"239.177\"}","timestamp":"2025-01-01T20:56:09.173Z"}
{"level":"\u001b[32minfo\u001b[39m","message":"{\"method\":\"GET\",\"url\":\"/admin//dash-stats\",\"status\":\"304\",\"responseTime\":\"247.368\"}","timestamp":"2025-01-01T20:56:09.421Z"}
{"level":"\u001b[32minfo\u001b[39m","message":"{\"method\":\"GET\",\"url\":\"/admin//dash-stats\",\"status\":\"304\",\"responseTime\":\"237.281\"}","timestamp":"2025-01-01T20:56:09.660Z"}
{"level":"\u001b[32minfo\u001b[39m","message":"{\"method\":\"GET\",\"url\":\"/admin/doctors\",\"status\":\"304\",\"responseTime\":\"98.940\"}","timestamp":"2025-01-01T20:56:37.055Z"}
{"level":"\u001b[32minfo\u001b[39m","message":"{\"method\":\"GET\",\"url\":\"/admin/doctors\",\"status\":\"304\",\"responseTime\":\"79.208\"}","timestamp":"2025-01-01T20:56:37.136Z"}
{"level":"\u001b[32minfo\u001b[39m","message":"{\"method\":\"GET\",\"url\":\"/admin/doc-filter/?filter=blocked\",\"status\":\"200\",\"responseTime\":\"79.903\"}","timestamp":"2025-01-01T20:56:39.422Z"}
{"level":"\u001b[32minfo\u001b[39m","message":"{\"method\":\"GET\",\"url\":\"/admin/doc-filter/?filter=verfied\",\"status\":\"200\",\"responseTime\":\"83.733\"}","timestamp":"2025-01-01T20:56:43.335Z"}
{"level":"\u001b[32minfo\u001b[39m","message":"{\"method\":\"GET\",\"url\":\"/admin/doc-filter/?filter=blocked\",\"status\":\"304\",\"responseTime\":\"88.928\"}","timestamp":"2025-01-01T20:56:58.782Z"}
{"level":"\u001b[32minfo\u001b[39m","message":"{\"method\":\"GET\",\"url\":\"/admin/doc-filter/?filter=unblocked\",\"status\":\"200\",\"responseTime\":\"122.099\"}","timestamp":"2025-01-01T20:57:01.991Z"}
{"level":"\u001b[32minfo\u001b[39m","message":"{\"method\":\"GET\",\"url\":\"/admin/doctors\",\"status\":\"304\",\"responseTime\":\"520.485\"}","timestamp":"2025-01-02T03:24:28.108Z"}
{"level":"\u001b[32minfo\u001b[39m","message":"{\"method\":\"GET\",\"url\":\"/admin/doctors\",\"status\":\"304\",\"responseTime\":\"70.660\"}","timestamp":"2025-01-02T03:24:28.184Z"}
{"level":"\u001b[32minfo\u001b[39m","message":"{\"method\":\"POST\",\"url\":\"/admin/logout\",\"status\":\"200\",\"responseTime\":\"9.658\"}","timestamp":"2025-01-02T10:39:10.878Z"}
